[debug] [2023-09-21T07:14:52.223Z] ----------------------------------------------------------------------
[debug] [2023-09-21T07:14:52.225Z] Command:       C:\Program Files\nodejs\node.exe C:\Users\mamta\AppData\Roaming\npm\node_modules\firebase-tools\lib\bin\firebase.js deploy
[debug] [2023-09-21T07:14:52.225Z] CLI Version:   12.5.4
[debug] [2023-09-21T07:14:52.225Z] Platform:      win32
[debug] [2023-09-21T07:14:52.225Z] Node Version:  v16.16.0
[debug] [2023-09-21T07:14:52.227Z] Time:          Thu Sep 21 2023 12:44:52 GMT+0530 (India Standard Time)
[debug] [2023-09-21T07:14:52.227Z] ----------------------------------------------------------------------
[debug] 
[debug] [2023-09-21T07:14:52.292Z] > command requires scopes: ["email","openid","https://www.googleapis.com/auth/cloudplatformprojects.readonly","https://www.googleapis.com/auth/firebase","https://www.googleapis.com/auth/cloud-platform"]
[debug] [2023-09-21T07:14:52.293Z] > authorizing via signed-in user (bhaskarbhandari372@gmail.com)
[debug] [2023-09-21T07:14:52.293Z] [iam] checking project swiggy-clone-d0106 for permissions ["firebase.projects.get","firebasehosting.sites.update"]
[debug] [2023-09-21T07:14:52.295Z] >>> [apiv2][query] POST https://cloudresourcemanager.googleapis.com/v1/projects/swiggy-clone-d0106:testIamPermissions [none]
[debug] [2023-09-21T07:14:52.295Z] >>> [apiv2][(partial)header] POST https://cloudresourcemanager.googleapis.com/v1/projects/swiggy-clone-d0106:testIamPermissions x-goog-quota-user=projects/swiggy-clone-d0106
[debug] [2023-09-21T07:14:52.296Z] >>> [apiv2][body] POST https://cloudresourcemanager.googleapis.com/v1/projects/swiggy-clone-d0106:testIamPermissions {"permissions":["firebase.projects.get","firebasehosting.sites.update"]}
[debug] [2023-09-21T07:14:53.901Z] <<< [apiv2][status] POST https://cloudresourcemanager.googleapis.com/v1/projects/swiggy-clone-d0106:testIamPermissions 200
[debug] [2023-09-21T07:14:53.901Z] <<< [apiv2][body] POST https://cloudresourcemanager.googleapis.com/v1/projects/swiggy-clone-d0106:testIamPermissions {"permissions":["firebase.projects.get","firebasehosting.sites.update"]}
[debug] [2023-09-21T07:14:53.902Z] >>> [apiv2][query] GET https://firebase.googleapis.com/v1beta1/projects/swiggy-clone-d0106 [none]
[debug] [2023-09-21T07:14:54.351Z] <<< [apiv2][status] GET https://firebase.googleapis.com/v1beta1/projects/swiggy-clone-d0106 200
[debug] [2023-09-21T07:14:54.352Z] <<< [apiv2][body] GET https://firebase.googleapis.com/v1beta1/projects/swiggy-clone-d0106 {"projectId":"swiggy-clone-d0106","projectNumber":"156280151758","displayName":"swiggy-clone","name":"projects/swiggy-clone-d0106","resources":{"hostingSite":"swiggy-clone-d0106"},"state":"ACTIVE","etag":"1_38f51aee-8714-4855-97ba-beb5f1d2c19f"}
[info] 
[info] === Deploying to 'swiggy-clone-d0106'...
[info] 
[info] i  deploying hosting 
[debug] [2023-09-21T07:14:54.357Z] >>> [apiv2][query] POST https://firebasehosting.googleapis.com/v1beta1/projects/-/sites/swiggy-clone-d0106/versions [none]
[debug] [2023-09-21T07:14:54.357Z] >>> [apiv2][body] POST https://firebasehosting.googleapis.com/v1beta1/projects/-/sites/swiggy-clone-d0106/versions {"status":"CREATED","labels":{"deployment-tool":"cli-firebase"}}
[debug] [2023-09-21T07:14:56.197Z] <<< [apiv2][status] POST https://firebasehosting.googleapis.com/v1beta1/projects/-/sites/swiggy-clone-d0106/versions 200
[debug] [2023-09-21T07:14:56.197Z] <<< [apiv2][body] POST https://firebasehosting.googleapis.com/v1beta1/projects/-/sites/swiggy-clone-d0106/versions {"name":"projects/156280151758/sites/swiggy-clone-d0106/versions/24a9695bc5de64e3","status":"CREATED","config":{},"labels":{"deployment-tool":"cli-firebase"}}
[info] i  hosting[swiggy-clone-d0106]: beginning deploy... 
[info] i  hosting[swiggy-clone-d0106]: found 2 files in build 
[debug] [2023-09-21T07:14:56.203Z] [hosting] uploading with 200 concurrency
[debug] [2023-09-21T07:14:56.204Z] [hosting] hash cache [YnVpbGQ] not populated
[debug] [2023-09-21T07:14:56.212Z] [hosting] hash cache [YnVpbGQ] stored for 2 files
[debug] [2023-09-21T07:14:56.212Z] [hosting][hash queue][FINAL] {"max":4,"min":3,"avg":3.5,"active":0,"complete":2,"success":2,"errored":0,"retried":0,"total":2,"elapsed":7}
[debug] [2023-09-21T07:14:56.213Z] >>> [apiv2][query] POST https://firebasehosting.googleapis.com/v1beta1/projects/156280151758/sites/swiggy-clone-d0106/versions/24a9695bc5de64e3:populateFiles [none]
[debug] [2023-09-21T07:14:56.213Z] >>> [apiv2][body] POST https://firebasehosting.googleapis.com/v1beta1/projects/156280151758/sites/swiggy-clone-d0106/versions/24a9695bc5de64e3:populateFiles {"files":{"/404.html":"daa499dd96d8229e73235345702ba32f0793f0c8e5c0d30e40e37a5872be57aa","/index.html":"e44abacfddec2b77de0c9f57d67f55e8d07e0efceb46e9f39bd3d30dfec9407d"}}
[debug] [2023-09-21T07:14:57.775Z] <<< [apiv2][status] POST https://firebasehosting.googleapis.com/v1beta1/projects/156280151758/sites/swiggy-clone-d0106/versions/24a9695bc5de64e3:populateFiles 200
[debug] [2023-09-21T07:14:57.775Z] <<< [apiv2][body] POST https://firebasehosting.googleapis.com/v1beta1/projects/156280151758/sites/swiggy-clone-d0106/versions/24a9695bc5de64e3:populateFiles {"uploadRequiredHashes":["daa499dd96d8229e73235345702ba32f0793f0c8e5c0d30e40e37a5872be57aa","e44abacfddec2b77de0c9f57d67f55e8d07e0efceb46e9f39bd3d30dfec9407d"],"uploadUrl":"https://upload-firebasehosting.googleapis.com/upload/sites/swiggy-clone-d0106/versions/24a9695bc5de64e3/files"}
[debug] [2023-09-21T07:14:57.775Z] >>> [apiv2][query] POST https://upload-firebasehosting.googleapis.com/upload/sites/swiggy-clone-d0106/versions/24a9695bc5de64e3/files/daa499dd96d8229e73235345702ba32f0793f0c8e5c0d30e40e37a5872be57aa [none]
[debug] [2023-09-21T07:14:57.776Z] >>> [apiv2][body] POST https://upload-firebasehosting.googleapis.com/upload/sites/swiggy-clone-d0106/versions/24a9695bc5de64e3/files/daa499dd96d8229e73235345702ba32f0793f0c8e5c0d30e40e37a5872be57aa [stream]
[debug] [2023-09-21T07:14:57.776Z] >>> [apiv2][query] POST https://upload-firebasehosting.googleapis.com/upload/sites/swiggy-clone-d0106/versions/24a9695bc5de64e3/files/e44abacfddec2b77de0c9f57d67f55e8d07e0efceb46e9f39bd3d30dfec9407d [none]
[debug] [2023-09-21T07:14:57.776Z] >>> [apiv2][body] POST https://upload-firebasehosting.googleapis.com/upload/sites/swiggy-clone-d0106/versions/24a9695bc5de64e3/files/e44abacfddec2b77de0c9f57d67f55e8d07e0efceb46e9f39bd3d30dfec9407d [stream]
[debug] [2023-09-21T07:14:57.777Z] [hosting][populate queue][FINAL] {"max":1566,"min":1566,"avg":1566,"active":0,"complete":1,"success":1,"errored":0,"retried":0,"total":1,"elapsed":1568}
[debug] [2023-09-21T07:14:57.777Z] [hosting] uploads queued: 2
